c:\users\test-pc\desktop\dev-k1-pro-app-master\sspzcam\x64\release\sspzcam.pch
c:\users\test-pc\desktop\dev-k1-pro-app-master\sspzcam\x64\release\vc141.pdb
c:\users\test-pc\desktop\dev-k1-pro-app-master\sspzcam\x64\release\stdafx.obj
c:\users\test-pc\desktop\dev-k1-pro-app-master\sspzcam\x64\release\sspzcam.obj
c:\users\test-pc\desktop\dev-k1-pro-app-master\sspzcam\x64\release\share_queue_write.obj
c:\users\test-pc\desktop\dev-k1-pro-app-master\sspzcam\x64\release\share_queue_read.obj
c:\users\test-pc\desktop\dev-k1-pro-app-master\sspzcam\x64\release\videocodec.obj
c:\users\test-pc\desktop\dev-k1-pro-app-master\sspzcam\x64\release\dllmain.obj
c:\users\test-pc\desktop\dev-k1-pro-app-master\x64\release\sspzcam.dll
c:\users\test-pc\desktop\dev-k1-pro-app-master\x64\release\sspzcam.pdb
c:\users\test-pc\desktop\dev-k1-pro-app-master\x64\release\sspzcam.lib
c:\users\test-pc\desktop\dev-k1-pro-app-master\x64\release\sspzcam.exp
c:\users\test-pc\desktop\dev-k1-pro-app-master\x64\release\sspzcam.ipdb
c:\users\test-pc\desktop\dev-k1-pro-app-master\x64\release\sspzcam.iobj
c:\users\test-pc\desktop\dev-k1-pro-app-master\sspzcam\x64\release\sspzcam.tlog\cl.command.1.tlog
c:\users\test-pc\desktop\dev-k1-pro-app-master\sspzcam\x64\release\sspzcam.tlog\cl.read.1.tlog
c:\users\test-pc\desktop\dev-k1-pro-app-master\sspzcam\x64\release\sspzcam.tlog\cl.write.1.tlog
c:\users\test-pc\desktop\dev-k1-pro-app-master\sspzcam\x64\release\sspzcam.tlog\link.command.1.tlog
c:\users\test-pc\desktop\dev-k1-pro-app-master\sspzcam\x64\release\sspzcam.tlog\link.read.1.tlog
c:\users\test-pc\desktop\dev-k1-pro-app-master\sspzcam\x64\release\sspzcam.tlog\link.write.1.tlog
c:\users\test-pc\desktop\dev-k1-pro-app-master\sspzcam\x64\release\sspzcam.tlog\sspzcam.write.1u.tlog
